<?xml version="1.0" encoding="UTF-8"?>
<testsuite name="security.Security" tests="2" skipped="0" failures="0" errors="0" timestamp="2025-03-05T11:53:30" hostname="USAGI-LAPTOP" time="12.196">
  <properties/>
  <testcase name="testSQLInjectionInURL" classname="security.Security" time="0.295"/>
  <testcase name="testXSSInjection" classname="security.Security" time="10.645"/>
  <system-out><![CDATA[Đ? đóng qu?ng cáo.
Không có alert xu?t hi?n, có th? b?o v? kh?i XSS.
]]></system-out>
  <system-err><![CDATA[]]></system-err>
</testsuite>
