<?xml version="1.0" encoding="UTF-8"?>
<testsuite name="tests.MovieScheduleTest" tests="1" skipped="0" failures="0" errors="0" timestamp="2025-03-05T11:58:43" hostname="USAGI-LAPTOP" time="9.627">
  <properties/>
  <testcase name="testMovieScheduleForMultipleDays" classname="tests.MovieScheduleTest" time="9.627"/>
  <system-out><![CDATA[]]></system-out>
  <system-err><![CDATA[]]></system-err>
</testsuite>
